<?xml version="1.0" encoding="UTF-8"?>
<testng-results ignored="0" total="1" passed="1" failed="0" skipped="0">
  <reporter-output>
    <line>
      <![CDATA[Chrome Launched]]>
    </line>
    <line>
      <![CDATA[https://autonami.bwfdemo.in/wp-login.php Url Navigated]]>
    </line>
    <line>
      <![CDATA[09-12-2019-10-16-22@tact9.in Email existing]]>
    </line>
    <line>
      <![CDATA[Order received]]>
    </line>
    <line>
      <![CDATA[cartRecoveryEvent_1 script is passed]]>
    </line>
  </reporter-output>
  <suite started-at="2019-12-09T10:15:17 IST" name="Suite" finished-at="2019-12-09T10:21:52 IST" duration-ms="395065">
    <groups>
    </groups>
    <test started-at="2019-12-09T10:15:17 IST" name="Test" finished-at="2019-12-09T10:21:52 IST" duration-ms="395065">
      <class name="com.autobot.scripts.CartRecovered_10">
        <test-method is-config="true" signature="setUp(java.lang.String, java.lang.String)[pri:0, instance:com.autobot.scripts.CartRecovered_10@501edcf1]" started-at="2019-12-09T10:15:17 IST" name="setUp" finished-at="2019-12-09T10:15:32 IST" duration-ms="14883" status="PASS">
          <params>
            <param index="0">
              <value>
                <![CDATA[chrome]]>
              </value>
            </param>
            <param index="1">
              <value>
                <![CDATA[https://autonami.bwfdemo.in/wp-login.php]]>
              </value>
            </param>
          </params>
          <reporter-output>
            <line>
              <![CDATA[Chrome Launched]]>
            </line>
            <line>
              <![CDATA[https://autonami.bwfdemo.in/wp-login.php Url Navigated]]>
            </line>
          </reporter-output>
        </test-method> <!-- setUp -->
        <test-method signature="cartRecoveryEvent_1()[pri:0, instance:com.autobot.scripts.CartRecovered_10@501edcf1]" started-at="2019-12-09T10:15:32 IST" name="cartRecoveryEvent_1" finished-at="2019-12-09T10:21:52 IST" duration-ms="380157" status="PASS">
          <reporter-output>
            <line>
              <![CDATA[09-12-2019-10-16-22@tact9.in Email existing]]>
            </line>
            <line>
              <![CDATA[Order received]]>
            </line>
          </reporter-output>
        </test-method> <!-- cartRecoveryEvent_1 -->
        <test-method is-config="true" signature="tearDown(org.testng.ITestResult)[pri:0, instance:com.autobot.scripts.CartRecovered_10@501edcf1]" started-at="2019-12-09T10:21:52 IST" name="tearDown" finished-at="2019-12-09T10:21:52 IST" duration-ms="1" status="PASS">
          <params>
            <param index="0">
              <value>
                <![CDATA[[TestResult name=cartRecoveryEvent_1 status=SUCCESS method=CartRecovered_10.cartRecoveryEvent_1()[pri:0, instance:com.autobot.scripts.CartRecovered_10@501edcf1] output=09-12-2019-10-16-22@tact9.in Email existing]]]>
              </value>
            </param>
          </params>
          <reporter-output>
            <line>
              <![CDATA[cartRecoveryEvent_1 script is passed]]>
            </line>
          </reporter-output>
        </test-method> <!-- tearDown -->
      </class> <!-- com.autobot.scripts.CartRecovered_10 -->
    </test> <!-- Test -->
  </suite> <!-- Suite -->
</testng-results>
